2026-04-01 22:22:55,498 INFO o.a.j.u.JMeterUtils: Setting Locale to en_EN
2026-04-01 22:22:55,505 INFO o.a.j.JMeter: Loading user properties from: D:\apache-jmeter-5.6.3\bin\user.properties
2026-04-01 22:22:55,506 INFO o.a.j.JMeter: Loading system properties from: D:\apache-jmeter-5.6.3\bin\system.properties
2026-04-01 22:22:55,510 INFO o.a.j.JMeter: Copyright (c) 1998-2024 The Apache Software Foundation
2026-04-01 22:22:55,510 INFO o.a.j.JMeter: Version 5.6.3
2026-04-01 22:22:55,510 INFO o.a.j.JMeter: java.version=25.0.1
2026-04-01 22:22:55,510 INFO o.a.j.JMeter: java.vm.name=Java HotSpot(TM) 64-Bit Server VM
2026-04-01 22:22:55,510 INFO o.a.j.JMeter: os.name=Windows 11
2026-04-01 22:22:55,510 INFO o.a.j.JMeter: os.arch=amd64
2026-04-01 22:22:55,510 INFO o.a.j.JMeter: os.version=10.0
2026-04-01 22:22:55,510 INFO o.a.j.JMeter: file.encoding=UTF-8
2026-04-01 22:22:55,510 INFO o.a.j.JMeter: java.awt.headless=true
2026-04-01 22:22:55,510 INFO o.a.j.JMeter: Max memory     =1073741824
2026-04-01 22:22:55,510 INFO o.a.j.JMeter: Available Processors =28
2026-04-01 22:22:55,517 INFO o.a.j.JMeter: Default Locale=English (EN)
2026-04-01 22:22:55,518 INFO o.a.j.JMeter: JMeter  Locale=English (EN)
2026-04-01 22:22:55,518 INFO o.a.j.JMeter: JMeterHome=D:\apache-jmeter-5.6.3
2026-04-01 22:22:55,518 INFO o.a.j.JMeter: user.dir  =D:\biliibli
2026-04-01 22:22:55,518 INFO o.a.j.JMeter: PWD       =D:\biliibli
2026-04-01 22:22:55,519 INFO o.a.j.JMeter: IP: 198.18.0.1 Name: DESKTOP-B7T0SV2 FullName: DESKTOP-B7T0SV2
2026-04-01 22:22:55,524 INFO o.a.j.JMeter: Setting property 'jmeter.reportgenerator.outputdir' to:'D:\biliibli\jmeter\runs\20260401-222254\report'
2026-04-01 22:22:55,525 INFO o.a.j.s.FileServer: Default base='D:\biliibli'
2026-04-01 22:22:55,526 INFO o.a.j.s.FileServer: Set new base='D:\biliibli\jmeter'
2026-04-01 22:22:55,648 INFO o.a.j.s.SaveService: Testplan (JMX) version: 2.2. Testlog (JTL) version: 2.2
2026-04-01 22:22:55,670 INFO o.a.j.s.SaveService: Using SaveService properties version 5.0
2026-04-01 22:22:55,672 INFO o.a.j.s.SaveService: Using SaveService properties file encoding UTF-8
2026-04-01 22:22:55,673 INFO o.a.j.s.SaveService: Loading file: D:\biliibli\jmeter\bilibili_webscoket_hand.jmx
2026-04-01 22:22:55,721 INFO o.a.j.JMeter: Creating summariser <summary>
2026-04-01 22:22:55,722 INFO o.a.j.r.d.ReportGenerator: ReportGenerator will use for Parsing the separator: ','
2026-04-01 22:22:55,723 INFO o.a.j.r.d.ReportGenerator: Will generate report at end of test from  results file: D:\biliibli\jmeter\runs\20260401-222254\results.jtl
2026-04-01 22:22:55,723 INFO o.a.j.r.d.ReportGenerator: Reading report generator properties from: D:\apache-jmeter-5.6.3\bin\reportgenerator.properties
2026-04-01 22:22:55,731 INFO o.a.j.r.d.ReportGenerator: Merging with JMeter properties
2026-04-01 22:22:55,733 INFO o.a.j.r.c.ReportGeneratorConfiguration: Property 'jmeter.reportgenerator.temp_dir' not found, using default value 'temp' instead.
2026-04-01 22:22:55,734 INFO o.a.j.r.c.ReportGeneratorConfiguration: Property 'jmeter.reportgenerator.apdex_per_transaction' not found, using default value 'null' instead.
2026-04-01 22:22:55,737 INFO o.a.j.r.c.ReportGeneratorConfiguration: apdex_per_transaction is empty, not APDEX per transaction customization
2026-04-01 22:22:55,737 INFO o.a.j.r.c.ReportGeneratorConfiguration: Property 'jmeter.reportgenerator.sample_filter' not found, using default value 'null' instead.
2026-04-01 22:22:55,738 INFO o.a.j.r.c.ReportGeneratorConfiguration: Property 'jmeter.reportgenerator.report_title' not found, using default value 'null' instead.
2026-04-01 22:22:55,738 INFO o.a.j.r.c.ReportGeneratorConfiguration: Property 'jmeter.reportgenerator.start_date' not found, using default value 'null' instead.
2026-04-01 22:22:55,738 INFO o.a.j.r.c.ReportGeneratorConfiguration: Property 'jmeter.reportgenerator.end_date' not found, using default value 'null' instead.
2026-04-01 22:22:55,738 INFO o.a.j.r.c.ReportGeneratorConfiguration: Property 'jmeter.reportgenerator.date_format' not found, using default value 'null' instead.
2026-04-01 22:22:55,738 INFO o.a.j.r.c.ReportGeneratorConfiguration: Will use date range start date: null, end date: null
2026-04-01 22:22:55,739 INFO o.a.j.r.c.ReportGeneratorConfiguration: Property 'jmeter.reportgenerator.graph.totalTPS.exclude_controllers' not found, using default value 'false' instead.
2026-04-01 22:22:55,739 INFO o.a.j.r.c.ReportGeneratorConfiguration: Property 'jmeter.reportgenerator.graph.activeThreadsOverTime.exclude_controllers' not found, using default value 'false' instead.
2026-04-01 22:22:55,739 INFO o.a.j.r.c.ReportGeneratorConfiguration: Property 'jmeter.reportgenerator.graph.timeVsThreads.exclude_controllers' not found, using default value 'false' instead.
2026-04-01 22:22:55,739 INFO o.a.j.r.c.ReportGeneratorConfiguration: Property 'jmeter.reportgenerator.graph.responseTimeDistribution.exclude_controllers' not found, using default value 'false' instead.
2026-04-01 22:22:55,739 INFO o.a.j.r.c.ReportGeneratorConfiguration: Property 'jmeter.reportgenerator.graph.transactionsPerSecond.exclude_controllers' not found, using default value 'false' instead.
2026-04-01 22:22:55,740 INFO o.a.j.r.c.ReportGeneratorConfiguration: Property 'jmeter.reportgenerator.graph.responseTimePercentiles.exclude_controllers' not found, using default value 'false' instead.
2026-04-01 22:22:55,740 INFO o.a.j.r.c.ReportGeneratorConfiguration: Property 'jmeter.reportgenerator.graph.responseTimePercentilesOverTime.exclude_controllers' not found, using default value 'false' instead.
2026-04-01 22:22:55,740 INFO o.a.j.r.c.ReportGeneratorConfiguration: Property 'jmeter.reportgenerator.graph.responseTimesOverTime.exclude_controllers' not found, using default value 'false' instead.
2026-04-01 22:22:55,740 INFO o.a.j.r.c.ReportGeneratorConfiguration: Property 'jmeter.reportgenerator.graph.connectTimeOverTime.exclude_controllers' not found, using default value 'false' instead.
2026-04-01 22:22:55,740 INFO o.a.j.r.c.ReportGeneratorConfiguration: Property 'jmeter.reportgenerator.graph.latenciesOverTime.exclude_controllers' not found, using default value 'false' instead.
2026-04-01 22:22:55,740 INFO o.a.j.r.c.ReportGeneratorConfiguration: Property 'jmeter.reportgenerator.exporter.json.filters_only_sample_series' not found, using default value 'true' instead.
2026-04-01 22:22:55,740 INFO o.a.j.r.c.ReportGeneratorConfiguration: Property 'jmeter.reportgenerator.exporter.json.series_filter' not found, using default value '' instead.
2026-04-01 22:22:55,740 INFO o.a.j.r.c.ReportGeneratorConfiguration: Property 'jmeter.reportgenerator.exporter.json.show_controllers_only' not found, using default value 'false' instead.
2026-04-01 22:22:55,740 INFO o.a.j.r.c.ReportGeneratorConfiguration: Property 'jmeter.reportgenerator.exporter.html.filters_only_sample_series' not found, using default value 'true' instead.
2026-04-01 22:22:55,740 INFO o.a.j.r.c.ReportGeneratorConfiguration: Property 'jmeter.reportgenerator.exporter.html.series_filter' not found, using default value '' instead.
2026-04-01 22:22:55,741 INFO o.a.j.r.c.ReportGeneratorConfiguration: Property 'jmeter.reportgenerator.exporter.html.show_controllers_only' not found, using default value 'false' instead.
2026-04-01 22:22:55,749 INFO o.a.j.e.StandardJMeterEngine: Running the test!
2026-04-01 22:22:55,750 INFO o.a.j.s.SampleEvent: List of sample_variables: []
2026-04-01 22:22:55,750 INFO o.a.j.s.SampleEvent: List of sample_variables: []
2026-04-01 22:22:55,752 INFO o.a.j.e.u.CompoundVariable: Note: Function class names must contain the string: '.functions.'
2026-04-01 22:22:55,752 INFO o.a.j.e.u.CompoundVariable: Note: Function class names must not contain the string: '.gui.'
2026-04-01 22:22:55,782 INFO o.a.j.r.ClassFinder: Will scan jar D:\apache-jmeter-5.6.3\lib\ext\jmeter-websocket-samplers-1.3.2.jar with filter ExtendsClassFilter [parents=[interface org.apache.jmeter.functions.Function], inner=false, contains=null, notContains=null]. Consider exposing JMeter plugins via META-INF/services, and add JMeter-Skip-Class-Scanning=true manifest attribute so JMeter can skip classfile scanning
2026-04-01 22:22:55,792 INFO o.a.j.r.ClassFinder: Will scan jar D:\apache-jmeter-5.6.3\lib\ext\jmeter-plugins-manager-1.12.jar with filter ExtendsClassFilter [parents=[interface org.apache.jmeter.functions.Function], inner=false, contains=null, notContains=null]. Consider exposing JMeter plugins via META-INF/services, and add JMeter-Skip-Class-Scanning=true manifest attribute so JMeter can skip classfile scanning
2026-04-01 22:22:55,848 INFO o.a.j.JMeter: Running test (1775053375848)
2026-04-01 22:22:55,856 INFO o.a.j.e.StandardJMeterEngine: Starting ThreadGroup: 1 : 线程组
2026-04-01 22:22:55,856 INFO o.a.j.e.StandardJMeterEngine: Starting 500 threads for group 线程组.
2026-04-01 22:22:55,856 INFO o.a.j.e.StandardJMeterEngine: Thread will continue on error
2026-04-01 22:22:55,856 INFO o.a.j.t.ThreadGroup: Starting thread group... number=1 threads=500 ramp-up=60 delayedStart=false
2026-04-01 22:22:55,860 INFO o.a.j.t.JMeterThread: Thread started: 线程组 1-1
2026-04-01 22:22:55,863 INFO o.a.j.s.SampleResult: Note: Sample TimeStamps are START times
2026-04-01 22:22:55,863 INFO o.a.j.s.SampleResult: sampleresult.default.encoding is set to UTF-8
2026-04-01 22:22:55,863 INFO o.a.j.s.SampleResult: sampleresult.useNanoTime=true
2026-04-01 22:22:55,863 INFO o.a.j.s.SampleResult: sampleresult.nanoThreadSleep=5000
2026-04-01 22:22:55,893 INFO o.a.j.t.ThreadGroup: Started thread group number 1
2026-04-01 22:22:55,893 INFO o.a.j.e.StandardJMeterEngine: All thread groups have been started
2026-04-01 22:22:55,981 INFO o.a.j.t.JMeterThread: Thread started: 线程组 1-2
2026-04-01 22:22:56,099 INFO o.a.j.t.JMeterThread: Thread started: 线程组 1-3
2026-04-01 22:22:56,219 INFO o.a.j.t.JMeterThread: Thread started: 线程组 1-4
2026-04-01 22:22:56,339 INFO o.a.j.t.JMeterThread: Thread started: 线程组 1-5
2026-04-01 22:22:56,459 INFO o.a.j.t.JMeterThread: Thread started: 线程组 1-6
2026-04-01 22:22:56,579 INFO o.a.j.t.JMeterThread: Thread started: 线程组 1-7
2026-04-01 22:22:56,700 INFO o.a.j.t.JMeterThread: Thread started: 线程组 1-8
2026-04-01 22:22:56,820 INFO o.a.j.t.JMeterThread: Thread started: 线程组 1-9
2026-04-01 22:22:56,936 INFO o.a.j.t.JMeterThread: Thread started: 线程组 1-10
2026-04-01 22:22:57,057 INFO o.a.j.t.JMeterThread: Thread started: 线程组 1-11
2026-04-01 22:22:57,179 INFO o.a.j.t.JMeterThread: Thread started: 线程组 1-12
2026-04-01 22:22:57,298 INFO o.a.j.t.JMeterThread: Thread started: 线程组 1-13
2026-04-01 22:22:57,417 INFO o.a.j.t.JMeterThread: Thread started: 线程组 1-14
2026-04-01 22:22:57,537 INFO o.a.j.t.JMeterThread: Thread started: 线程组 1-15
2026-04-01 22:22:57,656 INFO o.a.j.t.JMeterThread: Thread started: 线程组 1-16
2026-04-01 22:22:57,776 INFO o.a.j.t.JMeterThread: Thread started: 线程组 1-17
2026-04-01 22:22:57,896 INFO o.a.j.t.JMeterThread: Thread started: 线程组 1-18
2026-04-01 22:22:58,016 INFO o.a.j.t.JMeterThread: Thread started: 线程组 1-19
2026-04-01 22:22:58,136 INFO o.a.j.t.JMeterThread: Thread started: 线程组 1-20
2026-04-01 22:22:58,257 INFO o.a.j.t.JMeterThread: Thread started: 线程组 1-21
2026-04-01 22:22:58,377 INFO o.a.j.t.JMeterThread: Thread started: 线程组 1-22
2026-04-01 22:22:58,496 INFO o.a.j.t.JMeterThread: Thread started: 线程组 1-23
2026-04-01 22:22:58,616 INFO o.a.j.t.JMeterThread: Thread started: 线程组 1-24
2026-04-01 22:22:58,736 INFO o.a.j.t.JMeterThread: Thread started: 线程组 1-25
2026-04-01 22:22:58,857 INFO o.a.j.t.JMeterThread: Thread started: 线程组 1-26
2026-04-01 22:22:58,978 INFO o.a.j.t.JMeterThread: Thread started: 线程组 1-27
2026-04-01 22:22:59,097 INFO o.a.j.t.JMeterThread: Thread started: 线程组 1-28
2026-04-01 22:22:59,218 INFO o.a.j.t.JMeterThread: Thread started: 线程组 1-29
2026-04-01 22:22:59,336 INFO o.a.j.t.JMeterThread: Thread started: 线程组 1-30
2026-04-01 22:22:59,457 INFO o.a.j.t.JMeterThread: Thread started: 线程组 1-31
2026-04-01 22:22:59,576 INFO o.a.j.t.JMeterThread: Thread started: 线程组 1-32
2026-04-01 22:22:59,696 INFO o.a.j.t.JMeterThread: Thread started: 线程组 1-33
2026-04-01 22:22:59,817 INFO o.a.j.t.JMeterThread: Thread started: 线程组 1-34
2026-04-01 22:22:59,936 INFO o.a.j.t.JMeterThread: Thread started: 线程组 1-35
2026-04-01 22:23:00,057 INFO o.a.j.t.JMeterThread: Thread started: 线程组 1-36
2026-04-01 22:23:00,119 INFO o.a.j.r.Summariser: summary +     36 in 00:00:04 =    8.4/s Avg:    94 Min:    58 Max:  1073 Err:     0 (0.00%) Active: 36 Started: 36 Finished: 0
2026-04-01 22:23:00,178 INFO o.a.j.t.JMeterThread: Thread started: 线程组 1-37
2026-04-01 22:23:00,297 INFO o.a.j.t.JMeterThread: Thread started: 线程组 1-38
2026-04-01 22:23:00,418 INFO o.a.j.t.JMeterThread: Thread started: 线程组 1-39
2026-04-01 22:23:00,537 INFO o.a.j.t.JMeterThread: Thread started: 线程组 1-40
2026-04-01 22:23:00,657 INFO o.a.j.t.JMeterThread: Thread started: 线程组 1-41
2026-04-01 22:23:00,777 INFO o.a.j.t.JMeterThread: Thread started: 线程组 1-42
2026-04-01 22:23:00,896 INFO o.a.j.t.JMeterThread: Thread started: 线程组 1-43
2026-04-01 22:23:01,017 INFO o.a.j.t.JMeterThread: Thread started: 线程组 1-44
2026-04-01 22:23:01,136 INFO o.a.j.t.JMeterThread: Thread started: 线程组 1-45
2026-04-01 22:23:01,258 INFO o.a.j.t.JMeterThread: Thread started: 线程组 1-46
2026-04-01 22:23:01,377 INFO o.a.j.t.JMeterThread: Thread started: 线程组 1-47
2026-04-01 22:23:01,498 INFO o.a.j.t.JMeterThread: Thread started: 线程组 1-48
2026-04-01 22:23:01,618 INFO o.a.j.t.JMeterThread: Thread started: 线程组 1-49
2026-04-01 22:23:01,736 INFO o.a.j.t.JMeterThread: Thread started: 线程组 1-50
2026-04-01 22:23:01,856 INFO o.a.j.t.JMeterThread: Thread started: 线程组 1-51
2026-04-01 22:23:01,978 INFO o.a.j.t.JMeterThread: Thread started: 线程组 1-52
2026-04-01 22:23:02,096 INFO o.a.j.t.JMeterThread: Thread started: 线程组 1-53
2026-04-01 22:23:02,217 INFO o.a.j.t.JMeterThread: Thread started: 线程组 1-54
2026-04-01 22:23:02,336 INFO o.a.j.t.JMeterThread: Thread started: 线程组 1-55
2026-04-01 22:23:02,457 INFO o.a.j.t.JMeterThread: Thread started: 线程组 1-56
2026-04-01 22:23:02,577 INFO o.a.j.t.JMeterThread: Thread started: 线程组 1-57
2026-04-01 22:23:02,697 INFO o.a.j.t.JMeterThread: Thread started: 线程组 1-58
2026-04-01 22:23:02,817 INFO o.a.j.t.JMeterThread: Thread started: 线程组 1-59
2026-04-01 22:23:02,937 INFO o.a.j.t.JMeterThread: Thread started: 线程组 1-60
2026-04-01 22:23:03,057 INFO o.a.j.t.JMeterThread: Thread started: 线程组 1-61
2026-04-01 22:23:03,176 INFO o.a.j.t.JMeterThread: Thread started: 线程组 1-62
2026-04-01 22:23:03,297 INFO o.a.j.t.JMeterThread: Thread started: 线程组 1-63
2026-04-01 22:23:03,419 INFO o.a.j.t.JMeterThread: Thread started: 线程组 1-64
2026-04-01 22:23:03,539 INFO o.a.j.t.JMeterThread: Thread started: 线程组 1-65
2026-04-01 22:23:03,659 INFO o.a.j.t.JMeterThread: Thread started: 线程组 1-66
2026-04-01 22:23:03,777 INFO o.a.j.t.JMeterThread: Thread started: 线程组 1-67
2026-04-01 22:23:03,896 INFO o.a.j.t.JMeterThread: Thread started: 线程组 1-68
2026-04-01 22:23:04,016 INFO o.a.j.t.JMeterThread: Thread started: 线程组 1-69
2026-04-01 22:23:04,136 INFO o.a.j.t.JMeterThread: Thread started: 线程组 1-70
2026-04-01 22:23:04,257 INFO o.a.j.t.JMeterThread: Thread started: 线程组 1-71
2026-04-01 22:23:04,376 INFO o.a.j.t.JMeterThread: Thread started: 线程组 1-72
2026-04-01 22:23:04,496 INFO o.a.j.t.JMeterThread: Thread started: 线程组 1-73
2026-04-01 22:23:04,617 INFO o.a.j.t.JMeterThread: Thread started: 线程组 1-74
2026-04-01 22:23:04,737 INFO o.a.j.t.JMeterThread: Thread started: 线程组 1-75
2026-04-01 22:23:04,856 INFO o.a.j.t.JMeterThread: Thread started: 线程组 1-76
2026-04-01 22:23:04,977 INFO o.a.j.t.JMeterThread: Thread started: 线程组 1-77
2026-04-01 22:23:05,096 INFO o.a.j.t.JMeterThread: Thread started: 线程组 1-78
2026-04-01 22:23:05,217 INFO o.a.j.t.JMeterThread: Thread started: 线程组 1-79
2026-04-01 22:23:05,337 INFO o.a.j.t.JMeterThread: Thread started: 线程组 1-80
2026-04-01 22:23:05,458 INFO o.a.j.t.JMeterThread: Thread started: 线程组 1-81
2026-04-01 22:23:05,578 INFO o.a.j.t.JMeterThread: Thread started: 线程组 1-82
2026-04-01 22:23:05,698 INFO o.a.j.t.JMeterThread: Thread started: 线程组 1-83
2026-04-01 22:23:05,817 INFO o.a.j.t.JMeterThread: Thread started: 线程组 1-84
2026-04-01 22:23:05,936 INFO o.a.j.t.JMeterThread: Thread started: 线程组 1-85
2026-04-01 22:23:06,056 INFO o.a.j.t.JMeterThread: Thread started: 线程组 1-86
2026-04-01 22:23:06,176 INFO o.a.j.t.JMeterThread: Thread started: 线程组 1-87
2026-04-01 22:23:06,296 INFO o.a.j.t.JMeterThread: Thread started: 线程组 1-88
2026-04-01 22:23:06,417 INFO o.a.j.t.JMeterThread: Thread started: 线程组 1-89
2026-04-01 22:23:06,536 INFO o.a.j.t.JMeterThread: Thread started: 线程组 1-90
2026-04-01 22:23:06,656 INFO o.a.j.t.JMeterThread: Thread started: 线程组 1-91
2026-04-01 22:23:06,776 INFO o.a.j.t.JMeterThread: Thread started: 线程组 1-92
2026-04-01 22:23:06,897 INFO o.a.j.t.JMeterThread: Thread started: 线程组 1-93
2026-04-01 22:23:07,016 INFO o.a.j.t.JMeterThread: Thread started: 线程组 1-94
2026-04-01 22:23:07,137 INFO o.a.j.t.JMeterThread: Thread started: 线程组 1-95
2026-04-01 22:23:07,257 INFO o.a.j.t.JMeterThread: Thread started: 线程组 1-96
2026-04-01 22:23:07,378 INFO o.a.j.t.JMeterThread: Thread started: 线程组 1-97
2026-04-01 22:23:07,497 INFO o.a.j.t.JMeterThread: Thread started: 线程组 1-98
2026-04-01 22:23:07,617 INFO o.a.j.t.JMeterThread: Thread started: 线程组 1-99
2026-04-01 22:23:07,737 INFO o.a.j.t.JMeterThread: Thread started: 线程组 1-100
2026-04-01 22:23:07,857 INFO o.a.j.t.JMeterThread: Thread started: 线程组 1-101
2026-04-01 22:23:07,977 INFO o.a.j.t.JMeterThread: Thread started: 线程组 1-102
2026-04-01 22:23:08,097 INFO o.a.j.t.JMeterThread: Thread started: 线程组 1-103
2026-04-01 22:23:08,217 INFO o.a.j.t.JMeterThread: Thread started: 线程组 1-104
2026-04-01 22:23:08,336 INFO o.a.j.t.JMeterThread: Thread started: 线程组 1-105
2026-04-01 22:23:08,456 INFO o.a.j.t.JMeterThread: Thread started: 线程组 1-106
2026-04-01 22:23:08,576 INFO o.a.j.t.JMeterThread: Thread started: 线程组 1-107
2026-04-01 22:23:08,696 INFO o.a.j.t.JMeterThread: Thread started: 线程组 1-108
2026-04-01 22:23:08,816 INFO o.a.j.t.JMeterThread: Thread started: 线程组 1-109
2026-04-01 22:23:08,936 INFO o.a.j.t.JMeterThread: Thread started: 线程组 1-110
2026-04-01 22:23:09,057 INFO o.a.j.t.JMeterThread: Thread started: 线程组 1-111
2026-04-01 22:23:09,177 INFO o.a.j.t.JMeterThread: Thread started: 线程组 1-112
2026-04-01 22:23:09,298 INFO o.a.j.t.JMeterThread: Thread started: 线程组 1-113
2026-04-01 22:23:09,418 INFO o.a.j.t.JMeterThread: Thread started: 线程组 1-114
2026-04-01 22:23:09,536 INFO o.a.j.t.JMeterThread: Thread started: 线程组 1-115
2026-04-01 22:23:09,656 INFO o.a.j.t.JMeterThread: Thread started: 线程组 1-116
2026-04-01 22:23:09,777 INFO o.a.j.t.JMeterThread: Thread started: 线程组 1-117
2026-04-01 22:23:09,897 INFO o.a.j.t.JMeterThread: Thread started: 线程组 1-118
2026-04-01 22:23:10,017 INFO o.a.j.t.JMeterThread: Thread started: 线程组 1-119
2026-04-01 22:23:10,137 INFO o.a.j.t.JMeterThread: Thread started: 线程组 1-120
2026-04-01 22:23:10,257 INFO o.a.j.t.JMeterThread: Thread started: 线程组 1-121
2026-04-01 22:23:10,377 INFO o.a.j.t.JMeterThread: Thread started: 线程组 1-122
2026-04-01 22:23:10,497 INFO o.a.j.t.JMeterThread: Thread started: 线程组 1-123
2026-04-01 22:23:10,617 INFO o.a.j.t.JMeterThread: Thread started: 线程组 1-124
2026-04-01 22:23:10,737 INFO o.a.j.t.JMeterThread: Thread started: 线程组 1-125
2026-04-01 22:23:10,859 INFO o.a.j.t.JMeterThread: Thread started: 线程组 1-126
2026-04-01 22:23:10,976 INFO o.a.j.t.JMeterThread: Thread started: 线程组 1-127
2026-04-01 22:23:11,096 INFO o.a.j.t.JMeterThread: Thread started: 线程组 1-128
2026-04-01 22:23:11,218 INFO o.a.j.t.JMeterThread: Thread started: 线程组 1-129
2026-04-01 22:23:11,338 INFO o.a.j.t.JMeterThread: Thread started: 线程组 1-130
2026-04-01 22:23:11,458 INFO o.a.j.t.JMeterThread: Thread started: 线程组 1-131
2026-04-01 22:23:11,578 INFO o.a.j.t.JMeterThread: Thread started: 线程组 1-132
2026-04-01 22:23:11,697 INFO o.a.j.t.JMeterThread: Thread started: 线程组 1-133
2026-04-01 22:23:11,816 INFO o.a.j.t.JMeterThread: Thread started: 线程组 1-134
2026-04-01 22:23:11,937 INFO o.a.j.t.JMeterThread: Thread started: 线程组 1-135
2026-04-01 22:23:12,057 INFO o.a.j.t.JMeterThread: Thread started: 线程组 1-136
2026-04-01 22:23:12,176 INFO o.a.j.t.JMeterThread: Thread started: 线程组 1-137
2026-04-01 22:23:12,296 INFO o.a.j.t.JMeterThread: Thread started: 线程组 1-138
2026-04-01 22:23:12,417 INFO o.a.j.t.JMeterThread: Thread started: 线程组 1-139
2026-04-01 22:23:12,536 INFO o.a.j.t.JMeterThread: Thread started: 线程组 1-140
2026-04-01 22:23:12,657 INFO o.a.j.t.JMeterThread: Thread started: 线程组 1-141
2026-04-01 22:23:12,777 INFO o.a.j.t.JMeterThread: Thread started: 线程组 1-142
2026-04-01 22:23:12,897 INFO o.a.j.t.JMeterThread: Thread started: 线程组 1-143
2026-04-01 22:23:13,016 INFO o.a.j.t.JMeterThread: Thread started: 线程组 1-144
2026-04-01 22:23:13,136 INFO o.a.j.t.JMeterThread: Thread started: 线程组 1-145
2026-04-01 22:23:13,256 INFO o.a.j.t.JMeterThread: Thread started: 线程组 1-146
2026-04-01 22:23:13,376 INFO o.a.j.t.JMeterThread: Thread started: 线程组 1-147
2026-04-01 22:23:13,496 INFO o.a.j.t.JMeterThread: Thread started: 线程组 1-148
2026-04-01 22:23:13,616 INFO o.a.j.t.JMeterThread: Thread started: 线程组 1-149
2026-04-01 22:23:13,737 INFO o.a.j.t.JMeterThread: Thread started: 线程组 1-150
2026-04-01 22:23:13,857 INFO o.a.j.t.JMeterThread: Thread started: 线程组 1-151
2026-04-01 22:23:13,976 INFO o.a.j.t.JMeterThread: Thread started: 线程组 1-152
2026-04-01 22:23:14,096 INFO o.a.j.t.JMeterThread: Thread started: 线程组 1-153
2026-04-01 22:23:14,216 INFO o.a.j.t.JMeterThread: Thread started: 线程组 1-154
2026-04-01 22:23:14,337 INFO o.a.j.t.JMeterThread: Thread started: 线程组 1-155
2026-04-01 22:23:14,457 INFO o.a.j.t.JMeterThread: Thread started: 线程组 1-156
2026-04-01 22:23:14,576 INFO o.a.j.t.JMeterThread: Thread started: 线程组 1-157
2026-04-01 22:23:14,696 INFO o.a.j.t.JMeterThread: Thread started: 线程组 1-158
2026-04-01 22:23:14,816 INFO o.a.j.t.JMeterThread: Thread started: 线程组 1-159
2026-04-01 22:23:14,936 INFO o.a.j.t.JMeterThread: Thread started: 线程组 1-160
2026-04-01 22:23:15,056 INFO o.a.j.t.JMeterThread: Thread started: 线程组 1-161
2026-04-01 22:23:15,176 INFO o.a.j.t.JMeterThread: Thread started: 线程组 1-162
2026-04-01 22:23:15,297 INFO o.a.j.t.JMeterThread: Thread started: 线程组 1-163
2026-04-01 22:23:15,417 INFO o.a.j.t.JMeterThread: Thread started: 线程组 1-164
2026-04-01 22:23:15,537 INFO o.a.j.t.JMeterThread: Thread started: 线程组 1-165
2026-04-01 22:23:15,656 INFO o.a.j.t.JMeterThread: Thread started: 线程组 1-166
2026-04-01 22:23:15,777 INFO o.a.j.t.JMeterThread: Thread started: 线程组 1-167
2026-04-01 22:23:15,896 INFO o.a.j.t.JMeterThread: Thread started: 线程组 1-168
2026-04-01 22:23:16,017 INFO o.a.j.t.JMeterThread: Thread started: 线程组 1-169
2026-04-01 22:23:16,138 INFO o.a.j.t.JMeterThread: Thread started: 线程组 1-170
2026-04-01 22:23:16,257 INFO o.a.j.t.JMeterThread: Thread started: 线程组 1-171
2026-04-01 22:23:16,376 INFO o.a.j.t.JMeterThread: Thread started: 线程组 1-172
2026-04-01 22:23:16,496 INFO o.a.j.t.JMeterThread: Thread started: 线程组 1-173
2026-04-01 22:23:16,616 INFO o.a.j.t.JMeterThread: Thread started: 线程组 1-174
2026-04-01 22:23:16,736 INFO o.a.j.t.JMeterThread: Thread started: 线程组 1-175
2026-04-01 22:23:16,856 INFO o.a.j.t.JMeterThread: Thread started: 线程组 1-176
2026-04-01 22:23:16,976 INFO o.a.j.t.JMeterThread: Thread started: 线程组 1-177
2026-04-01 22:23:17,097 INFO o.a.j.t.JMeterThread: Thread started: 线程组 1-178
2026-04-01 22:23:17,217 INFO o.a.j.t.JMeterThread: Thread started: 线程组 1-179
2026-04-01 22:23:17,337 INFO o.a.j.t.JMeterThread: Thread started: 线程组 1-180
2026-04-01 22:23:17,456 INFO o.a.j.t.JMeterThread: Thread started: 线程组 1-181
2026-04-01 22:23:17,576 INFO o.a.j.t.JMeterThread: Thread started: 线程组 1-182
2026-04-01 22:23:17,696 INFO o.a.j.t.JMeterThread: Thread started: 线程组 1-183
2026-04-01 22:23:17,817 INFO o.a.j.t.JMeterThread: Thread started: 线程组 1-184
2026-04-01 22:23:17,937 INFO o.a.j.t.JMeterThread: Thread started: 线程组 1-185
2026-04-01 22:23:18,057 INFO o.a.j.t.JMeterThread: Thread started: 线程组 1-186
2026-04-01 22:23:18,177 INFO o.a.j.t.JMeterThread: Thread started: 线程组 1-187
2026-04-01 22:23:18,297 INFO o.a.j.t.JMeterThread: Thread started: 线程组 1-188
2026-04-01 22:23:18,418 INFO o.a.j.t.JMeterThread: Thread started: 线程组 1-189
2026-04-01 22:23:18,538 INFO o.a.j.t.JMeterThread: Thread started: 线程组 1-190
2026-04-01 22:23:18,658 INFO o.a.j.t.JMeterThread: Thread started: 线程组 1-191
2026-04-01 22:23:18,776 INFO o.a.j.t.JMeterThread: Thread started: 线程组 1-192
2026-04-01 22:23:18,897 INFO o.a.j.t.JMeterThread: Thread started: 线程组 1-193
2026-04-01 22:23:19,017 INFO o.a.j.t.JMeterThread: Thread started: 线程组 1-194
2026-04-01 22:23:19,137 INFO o.a.j.t.JMeterThread: Thread started: 线程组 1-195
2026-04-01 22:23:19,258 INFO o.a.j.t.JMeterThread: Thread started: 线程组 1-196
2026-04-01 22:23:19,377 INFO o.a.j.t.JMeterThread: Thread started: 线程组 1-197
2026-04-01 22:23:19,497 INFO o.a.j.t.JMeterThread: Thread started: 线程组 1-198
2026-04-01 22:23:19,617 INFO o.a.j.t.JMeterThread: Thread started: 线程组 1-199
2026-04-01 22:23:19,737 INFO o.a.j.t.JMeterThread: Thread started: 线程组 1-200
2026-04-01 22:23:19,857 INFO o.a.j.t.JMeterThread: Thread started: 线程组 1-201
2026-04-01 22:23:19,977 INFO o.a.j.t.JMeterThread: Thread started: 线程组 1-202
2026-04-01 22:23:20,098 INFO o.a.j.t.JMeterThread: Thread started: 线程组 1-203
2026-04-01 22:23:20,218 INFO o.a.j.t.JMeterThread: Thread started: 线程组 1-204
2026-04-01 22:23:20,337 INFO o.a.j.t.JMeterThread: Thread started: 线程组 1-205
2026-04-01 22:23:20,457 INFO o.a.j.t.JMeterThread: Thread started: 线程组 1-206
2026-04-01 22:23:20,577 INFO o.a.j.t.JMeterThread: Thread started: 线程组 1-207
2026-04-01 22:23:20,696 INFO o.a.j.t.JMeterThread: Thread started: 线程组 1-208
2026-04-01 22:23:20,817 INFO o.a.j.t.JMeterThread: Thread started: 线程组 1-209
2026-04-01 22:23:20,937 INFO o.a.j.t.JMeterThread: Thread started: 线程组 1-210
2026-04-01 22:23:21,056 INFO o.a.j.t.JMeterThread: Thread started: 线程组 1-211
2026-04-01 22:23:21,176 INFO o.a.j.t.JMeterThread: Thread started: 线程组 1-212
2026-04-01 22:23:21,296 INFO o.a.j.t.JMeterThread: Thread started: 线程组 1-213
2026-04-01 22:23:21,417 INFO o.a.j.t.JMeterThread: Thread started: 线程组 1-214
2026-04-01 22:23:21,536 INFO o.a.j.t.JMeterThread: Thread started: 线程组 1-215
2026-04-01 22:23:21,658 INFO o.a.j.t.JMeterThread: Thread started: 线程组 1-216
2026-04-01 22:23:21,778 INFO o.a.j.t.JMeterThread: Thread started: 线程组 1-217
2026-04-01 22:23:21,896 INFO o.a.j.t.JMeterThread: Thread started: 线程组 1-218
2026-04-01 22:23:22,016 INFO o.a.j.t.JMeterThread: Thread started: 线程组 1-219
2026-04-01 22:23:22,137 INFO o.a.j.t.JMeterThread: Thread started: 线程组 1-220
2026-04-01 22:23:22,257 INFO o.a.j.t.JMeterThread: Thread started: 线程组 1-221
2026-04-01 22:23:22,378 INFO o.a.j.t.JMeterThread: Thread started: 线程组 1-222
2026-04-01 22:23:22,497 INFO o.a.j.t.JMeterThread: Thread started: 线程组 1-223
2026-04-01 22:23:22,618 INFO o.a.j.t.JMeterThread: Thread started: 线程组 1-224
2026-04-01 22:23:22,738 INFO o.a.j.t.JMeterThread: Thread started: 线程组 1-225
2026-04-01 22:23:22,857 INFO o.a.j.t.JMeterThread: Thread started: 线程组 1-226
2026-04-01 22:23:22,976 INFO o.a.j.t.JMeterThread: Thread started: 线程组 1-227
2026-04-01 22:23:23,096 INFO o.a.j.t.JMeterThread: Thread started: 线程组 1-228
2026-04-01 22:23:23,216 INFO o.a.j.t.JMeterThread: Thread started: 线程组 1-229
2026-04-01 22:23:23,337 INFO o.a.j.t.JMeterThread: Thread started: 线程组 1-230
2026-04-01 22:23:23,457 INFO o.a.j.t.JMeterThread: Thread started: 线程组 1-231
2026-04-01 22:23:23,576 INFO o.a.j.t.JMeterThread: Thread started: 线程组 1-232
2026-04-01 22:23:23,696 INFO o.a.j.t.JMeterThread: Thread started: 线程组 1-233
2026-04-01 22:23:23,817 INFO o.a.j.t.JMeterThread: Thread started: 线程组 1-234
2026-04-01 22:23:23,937 INFO o.a.j.t.JMeterThread: Thread started: 线程组 1-235
2026-04-01 22:23:24,057 INFO o.a.j.t.JMeterThread: Thread started: 线程组 1-236
2026-04-01 22:23:24,178 INFO o.a.j.t.JMeterThread: Thread started: 线程组 1-237
2026-04-01 22:23:24,296 INFO o.a.j.t.JMeterThread: Thread started: 线程组 1-238
2026-04-01 22:23:24,416 INFO o.a.j.t.JMeterThread: Thread started: 线程组 1-239
2026-04-01 22:23:24,537 INFO o.a.j.t.JMeterThread: Thread started: 线程组 1-240
2026-04-01 22:23:24,657 INFO o.a.j.t.JMeterThread: Thread started: 线程组 1-241
2026-04-01 22:23:24,776 INFO o.a.j.t.JMeterThread: Thread started: 线程组 1-242
2026-04-01 22:23:24,896 INFO o.a.j.t.JMeterThread: Thread started: 线程组 1-243
2026-04-01 22:23:25,017 INFO o.a.j.t.JMeterThread: Thread started: 线程组 1-244
2026-04-01 22:23:25,136 INFO o.a.j.t.JMeterThread: Thread started: 线程组 1-245
2026-04-01 22:23:25,257 INFO o.a.j.t.JMeterThread: Thread started: 线程组 1-246
2026-04-01 22:23:25,377 INFO o.a.j.t.JMeterThread: Thread started: 线程组 1-247
2026-04-01 22:23:25,497 INFO o.a.j.t.JMeterThread: Thread started: 线程组 1-248
2026-04-01 22:23:25,617 INFO o.a.j.t.JMeterThread: Thread started: 线程组 1-249
2026-04-01 22:23:25,737 INFO o.a.j.t.JMeterThread: Thread started: 线程组 1-250
2026-04-01 22:23:25,857 INFO o.a.j.t.JMeterThread: Thread started: 线程组 1-251
2026-04-01 22:23:25,977 INFO o.a.j.t.JMeterThread: Thread started: 线程组 1-252
2026-04-01 22:23:26,096 INFO o.a.j.t.JMeterThread: Thread started: 线程组 1-253
2026-04-01 22:23:26,216 INFO o.a.j.t.JMeterThread: Thread started: 线程组 1-254
2026-04-01 22:23:26,337 INFO o.a.j.t.JMeterThread: Thread started: 线程组 1-255
2026-04-01 22:23:26,457 INFO o.a.j.t.JMeterThread: Thread started: 线程组 1-256
2026-04-01 22:23:26,576 INFO o.a.j.t.JMeterThread: Thread started: 线程组 1-257
2026-04-01 22:23:26,696 INFO o.a.j.t.JMeterThread: Thread started: 线程组 1-258
2026-04-01 22:23:26,816 INFO o.a.j.t.JMeterThread: Thread started: 线程组 1-259
2026-04-01 22:23:26,937 INFO o.a.j.t.JMeterThread: Thread started: 线程组 1-260
2026-04-01 22:23:27,056 INFO o.a.j.t.JMeterThread: Thread started: 线程组 1-261
2026-04-01 22:23:27,176 INFO o.a.j.t.JMeterThread: Thread started: 线程组 1-262
2026-04-01 22:23:27,297 INFO o.a.j.t.JMeterThread: Thread started: 线程组 1-263
2026-04-01 22:23:27,416 INFO o.a.j.t.JMeterThread: Thread started: 线程组 1-264
2026-04-01 22:23:27,536 INFO o.a.j.t.JMeterThread: Thread started: 线程组 1-265
2026-04-01 22:23:27,656 INFO o.a.j.t.JMeterThread: Thread started: 线程组 1-266
2026-04-01 22:23:27,776 INFO o.a.j.t.JMeterThread: Thread started: 线程组 1-267
2026-04-01 22:23:27,897 INFO o.a.j.t.JMeterThread: Thread started: 线程组 1-268
2026-04-01 22:23:28,016 INFO o.a.j.t.JMeterThread: Thread started: 线程组 1-269
2026-04-01 22:23:28,138 INFO o.a.j.t.JMeterThread: Thread started: 线程组 1-270
2026-04-01 22:23:28,256 INFO o.a.j.t.JMeterThread: Thread started: 线程组 1-271
2026-04-01 22:23:28,377 INFO o.a.j.t.JMeterThread: Thread started: 线程组 1-272
2026-04-01 22:23:28,497 INFO o.a.j.t.JMeterThread: Thread started: 线程组 1-273
2026-04-01 22:23:28,618 INFO o.a.j.t.JMeterThread: Thread started: 线程组 1-274
2026-04-01 22:23:28,736 INFO o.a.j.t.JMeterThread: Thread started: 线程组 1-275
2026-04-01 22:23:28,856 INFO o.a.j.t.JMeterThread: Thread started: 线程组 1-276
2026-04-01 22:23:28,977 INFO o.a.j.t.JMeterThread: Thread started: 线程组 1-277
2026-04-01 22:23:29,097 INFO o.a.j.t.JMeterThread: Thread started: 线程组 1-278
2026-04-01 22:23:29,216 INFO o.a.j.t.JMeterThread: Thread started: 线程组 1-279
2026-04-01 22:23:29,336 INFO o.a.j.t.JMeterThread: Thread started: 线程组 1-280
2026-04-01 22:23:29,456 INFO o.a.j.t.JMeterThread: Thread started: 线程组 1-281
2026-04-01 22:23:29,576 INFO o.a.j.t.JMeterThread: Thread started: 线程组 1-282
2026-04-01 22:23:29,697 INFO o.a.j.t.JMeterThread: Thread started: 线程组 1-283
2026-04-01 22:23:29,817 INFO o.a.j.t.JMeterThread: Thread started: 线程组 1-284
2026-04-01 22:23:29,937 INFO o.a.j.t.JMeterThread: Thread started: 线程组 1-285
2026-04-01 22:23:30,020 INFO o.a.j.r.Summariser: summary +    443 in 00:00:30 =   14.8/s Avg:    47 Min:    25 Max:   423 Err:     0 (0.00%) Active: 285 Started: 285 Finished: 0
2026-04-01 22:23:30,020 INFO o.a.j.r.Summariser: summary =    479 in 00:00:34 =   14.0/s Avg:    51 Min:    25 Max:  1073 Err:     0 (0.00%)
2026-04-01 22:23:30,056 INFO o.a.j.t.JMeterThread: Thread started: 线程组 1-286
2026-04-01 22:23:30,177 INFO o.a.j.t.JMeterThread: Thread started: 线程组 1-287
2026-04-01 22:23:30,297 INFO o.a.j.t.JMeterThread: Thread started: 线程组 1-288
2026-04-01 22:23:30,417 INFO o.a.j.t.JMeterThread: Thread started: 线程组 1-289
2026-04-01 22:23:30,536 INFO o.a.j.t.JMeterThread: Thread started: 线程组 1-290
2026-04-01 22:23:30,656 INFO o.a.j.t.JMeterThread: Thread started: 线程组 1-291
2026-04-01 22:23:30,776 INFO o.a.j.t.JMeterThread: Thread started: 线程组 1-292
2026-04-01 22:23:30,896 INFO o.a.j.t.JMeterThread: Thread started: 线程组 1-293
2026-04-01 22:23:31,016 INFO o.a.j.t.JMeterThread: Thread started: 线程组 1-294
2026-04-01 22:23:31,137 INFO o.a.j.t.JMeterThread: Thread started: 线程组 1-295
2026-04-01 22:23:31,256 INFO o.a.j.t.JMeterThread: Thread started: 线程组 1-296
2026-04-01 22:23:31,376 INFO o.a.j.t.JMeterThread: Thread started: 线程组 1-297
2026-04-01 22:23:31,496 INFO o.a.j.t.JMeterThread: Thread started: 线程组 1-298
2026-04-01 22:23:31,616 INFO o.a.j.t.JMeterThread: Thread started: 线程组 1-299
2026-04-01 22:23:31,736 INFO o.a.j.t.JMeterThread: Thread started: 线程组 1-300
2026-04-01 22:23:31,856 INFO o.a.j.t.JMeterThread: Thread started: 线程组 1-301
2026-04-01 22:23:31,977 INFO o.a.j.t.JMeterThread: Thread started: 线程组 1-302
2026-04-01 22:23:32,097 INFO o.a.j.t.JMeterThread: Thread started: 线程组 1-303
2026-04-01 22:23:32,216 INFO o.a.j.t.JMeterThread: Thread started: 线程组 1-304
2026-04-01 22:23:32,336 INFO o.a.j.t.JMeterThread: Thread started: 线程组 1-305
2026-04-01 22:23:32,457 INFO o.a.j.t.JMeterThread: Thread started: 线程组 1-306
2026-04-01 22:23:32,577 INFO o.a.j.t.JMeterThread: Thread started: 线程组 1-307
2026-04-01 22:23:32,697 INFO o.a.j.t.JMeterThread: Thread started: 线程组 1-308
2026-04-01 22:23:32,818 INFO o.a.j.t.JMeterThread: Thread started: 线程组 1-309
2026-04-01 22:23:32,936 INFO o.a.j.t.JMeterThread: Thread started: 线程组 1-310
2026-04-01 22:23:33,058 INFO o.a.j.t.JMeterThread: Thread started: 线程组 1-311
2026-04-01 22:23:33,177 INFO o.a.j.t.JMeterThread: Thread started: 线程组 1-312
2026-04-01 22:23:33,298 INFO o.a.j.t.JMeterThread: Thread started: 线程组 1-313
2026-04-01 22:23:33,417 INFO o.a.j.t.JMeterThread: Thread started: 线程组 1-314
2026-04-01 22:23:33,537 INFO o.a.j.t.JMeterThread: Thread started: 线程组 1-315
2026-04-01 22:23:33,656 INFO o.a.j.t.JMeterThread: Thread started: 线程组 1-316
2026-04-01 22:23:33,777 INFO o.a.j.t.JMeterThread: Thread started: 线程组 1-317
2026-04-01 22:23:33,897 INFO o.a.j.t.JMeterThread: Thread started: 线程组 1-318
2026-04-01 22:23:34,017 INFO o.a.j.t.JMeterThread: Thread started: 线程组 1-319
2026-04-01 22:23:34,137 INFO o.a.j.t.JMeterThread: Thread started: 线程组 1-320
2026-04-01 22:23:34,257 INFO o.a.j.t.JMeterThread: Thread started: 线程组 1-321
2026-04-01 22:23:34,376 INFO o.a.j.t.JMeterThread: Thread started: 线程组 1-322
2026-04-01 22:23:34,496 INFO o.a.j.t.JMeterThread: Thread started: 线程组 1-323
2026-04-01 22:23:34,616 INFO o.a.j.t.JMeterThread: Thread started: 线程组 1-324
2026-04-01 22:23:34,736 INFO o.a.j.t.JMeterThread: Thread started: 线程组 1-325
2026-04-01 22:23:34,857 INFO o.a.j.t.JMeterThread: Thread started: 线程组 1-326
2026-04-01 22:23:34,977 INFO o.a.j.t.JMeterThread: Thread started: 线程组 1-327
2026-04-01 22:23:35,096 INFO o.a.j.t.JMeterThread: Thread started: 线程组 1-328
2026-04-01 22:23:35,216 INFO o.a.j.t.JMeterThread: Thread started: 线程组 1-329
2026-04-01 22:23:35,337 INFO o.a.j.t.JMeterThread: Thread started: 线程组 1-330
2026-04-01 22:23:35,458 INFO o.a.j.t.JMeterThread: Thread started: 线程组 1-331
2026-04-01 22:23:35,577 INFO o.a.j.t.JMeterThread: Thread started: 线程组 1-332
2026-04-01 22:23:35,696 INFO o.a.j.t.JMeterThread: Thread started: 线程组 1-333
2026-04-01 22:23:35,817 INFO o.a.j.t.JMeterThread: Thread started: 线程组 1-334
2026-04-01 22:23:35,938 INFO o.a.j.t.JMeterThread: Thread started: 线程组 1-335
2026-04-01 22:23:36,057 INFO o.a.j.t.JMeterThread: Thread started: 线程组 1-336
2026-04-01 22:23:36,178 INFO o.a.j.t.JMeterThread: Thread started: 线程组 1-337
2026-04-01 22:23:36,296 INFO o.a.j.t.JMeterThread: Thread started: 线程组 1-338
2026-04-01 22:23:36,417 INFO o.a.j.t.JMeterThread: Thread started: 线程组 1-339
2026-04-01 22:23:36,537 INFO o.a.j.t.JMeterThread: Thread started: 线程组 1-340
2026-04-01 22:23:36,657 INFO o.a.j.t.JMeterThread: Thread started: 线程组 1-341
2026-04-01 22:23:36,776 INFO o.a.j.t.JMeterThread: Thread started: 线程组 1-342
2026-04-01 22:23:36,898 INFO o.a.j.t.JMeterThread: Thread started: 线程组 1-343
2026-04-01 22:23:37,017 INFO o.a.j.t.JMeterThread: Thread started: 线程组 1-344
2026-04-01 22:23:37,137 INFO o.a.j.t.JMeterThread: Thread started: 线程组 1-345
2026-04-01 22:23:37,257 INFO o.a.j.t.JMeterThread: Thread started: 线程组 1-346
2026-04-01 22:23:37,377 INFO o.a.j.t.JMeterThread: Thread started: 线程组 1-347
2026-04-01 22:23:37,497 INFO o.a.j.t.JMeterThread: Thread started: 线程组 1-348
2026-04-01 22:23:37,617 INFO o.a.j.t.JMeterThread: Thread started: 线程组 1-349
2026-04-01 22:23:37,737 INFO o.a.j.t.JMeterThread: Thread started: 线程组 1-350
2026-04-01 22:23:37,857 INFO o.a.j.t.JMeterThread: Thread started: 线程组 1-351
2026-04-01 22:23:37,977 INFO o.a.j.t.JMeterThread: Thread started: 线程组 1-352
2026-04-01 22:23:38,096 INFO o.a.j.t.JMeterThread: Thread started: 线程组 1-353
2026-04-01 22:23:38,216 INFO o.a.j.t.JMeterThread: Thread started: 线程组 1-354
2026-04-01 22:23:38,336 INFO o.a.j.t.JMeterThread: Thread started: 线程组 1-355
2026-04-01 22:23:38,456 INFO o.a.j.t.JMeterThread: Thread started: 线程组 1-356
2026-04-01 22:23:38,576 INFO o.a.j.t.JMeterThread: Thread started: 线程组 1-357
2026-04-01 22:23:38,697 INFO o.a.j.t.JMeterThread: Thread started: 线程组 1-358
2026-04-01 22:23:38,817 INFO o.a.j.t.JMeterThread: Thread started: 线程组 1-359
2026-04-01 22:23:38,938 INFO o.a.j.t.JMeterThread: Thread started: 线程组 1-360
2026-04-01 22:23:39,057 INFO o.a.j.t.JMeterThread: Thread started: 线程组 1-361
2026-04-01 22:23:39,177 INFO o.a.j.t.JMeterThread: Thread started: 线程组 1-362
2026-04-01 22:23:39,298 INFO o.a.j.t.JMeterThread: Thread started: 线程组 1-363
2026-04-01 22:23:39,416 INFO o.a.j.t.JMeterThread: Thread started: 线程组 1-364
2026-04-01 22:23:39,536 INFO o.a.j.t.JMeterThread: Thread started: 线程组 1-365
2026-04-01 22:23:39,657 INFO o.a.j.t.JMeterThread: Thread started: 线程组 1-366
2026-04-01 22:23:39,776 INFO o.a.j.t.JMeterThread: Thread started: 线程组 1-367
2026-04-01 22:23:39,897 INFO o.a.j.t.JMeterThread: Thread started: 线程组 1-368
2026-04-01 22:23:40,017 INFO o.a.j.t.JMeterThread: Thread started: 线程组 1-369
2026-04-01 22:23:40,137 INFO o.a.j.t.JMeterThread: Thread started: 线程组 1-370
2026-04-01 22:23:40,257 INFO o.a.j.t.JMeterThread: Thread started: 线程组 1-371
2026-04-01 22:23:40,377 INFO o.a.j.t.JMeterThread: Thread started: 线程组 1-372
2026-04-01 22:23:40,497 INFO o.a.j.t.JMeterThread: Thread started: 线程组 1-373
2026-04-01 22:23:40,618 INFO o.a.j.t.JMeterThread: Thread started: 线程组 1-374
2026-04-01 22:23:40,737 INFO o.a.j.t.JMeterThread: Thread started: 线程组 1-375
2026-04-01 22:23:40,856 INFO o.a.j.t.JMeterThread: Thread started: 线程组 1-376
2026-04-01 22:23:40,977 INFO o.a.j.t.JMeterThread: Thread started: 线程组 1-377
2026-04-01 22:23:41,098 INFO o.a.j.t.JMeterThread: Thread started: 线程组 1-378
2026-04-01 22:23:41,217 INFO o.a.j.t.JMeterThread: Thread started: 线程组 1-379
2026-04-01 22:23:41,337 INFO o.a.j.t.JMeterThread: Thread started: 线程组 1-380
2026-04-01 22:23:41,458 INFO o.a.j.t.JMeterThread: Thread started: 线程组 1-381
2026-04-01 22:23:41,577 INFO o.a.j.t.JMeterThread: Thread started: 线程组 1-382
2026-04-01 22:23:41,697 INFO o.a.j.t.JMeterThread: Thread started: 线程组 1-383
2026-04-01 22:23:41,817 INFO o.a.j.t.JMeterThread: Thread started: 线程组 1-384
2026-04-01 22:23:41,936 INFO o.a.j.t.JMeterThread: Thread started: 线程组 1-385
2026-04-01 22:23:42,057 INFO o.a.j.t.JMeterThread: Thread started: 线程组 1-386
2026-04-01 22:23:42,177 INFO o.a.j.t.JMeterThread: Thread started: 线程组 1-387
2026-04-01 22:23:42,297 INFO o.a.j.t.JMeterThread: Thread started: 线程组 1-388
2026-04-01 22:23:42,417 INFO o.a.j.t.JMeterThread: Thread started: 线程组 1-389
2026-04-01 22:23:42,537 INFO o.a.j.t.JMeterThread: Thread started: 线程组 1-390
2026-04-01 22:23:42,656 INFO o.a.j.t.JMeterThread: Thread started: 线程组 1-391
2026-04-01 22:23:42,776 INFO o.a.j.t.JMeterThread: Thread started: 线程组 1-392
2026-04-01 22:23:42,896 INFO o.a.j.t.JMeterThread: Thread started: 线程组 1-393
2026-04-01 22:23:43,016 INFO o.a.j.t.JMeterThread: Thread started: 线程组 1-394
2026-04-01 22:23:43,136 INFO o.a.j.t.JMeterThread: Thread started: 线程组 1-395
2026-04-01 22:23:43,256 INFO o.a.j.t.JMeterThread: Thread started: 线程组 1-396
2026-04-01 22:23:43,376 INFO o.a.j.t.JMeterThread: Thread started: 线程组 1-397
2026-04-01 22:23:43,496 INFO o.a.j.t.JMeterThread: Thread started: 线程组 1-398
2026-04-01 22:23:43,616 INFO o.a.j.t.JMeterThread: Thread started: 线程组 1-399
2026-04-01 22:23:43,737 INFO o.a.j.t.JMeterThread: Thread started: 线程组 1-400
2026-04-01 22:23:43,856 INFO o.a.j.t.JMeterThread: Thread started: 线程组 1-401
2026-04-01 22:23:43,976 INFO o.a.j.t.JMeterThread: Thread started: 线程组 1-402
2026-04-01 22:23:44,096 INFO o.a.j.t.JMeterThread: Thread started: 线程组 1-403
2026-04-01 22:23:44,216 INFO o.a.j.t.JMeterThread: Thread started: 线程组 1-404
2026-04-01 22:23:44,337 INFO o.a.j.t.JMeterThread: Thread started: 线程组 1-405
2026-04-01 22:23:44,457 INFO o.a.j.t.JMeterThread: Thread started: 线程组 1-406
2026-04-01 22:23:44,578 INFO o.a.j.t.JMeterThread: Thread started: 线程组 1-407
2026-04-01 22:23:44,698 INFO o.a.j.t.JMeterThread: Thread started: 线程组 1-408
2026-04-01 22:23:44,817 INFO o.a.j.t.JMeterThread: Thread started: 线程组 1-409
2026-04-01 22:23:44,937 INFO o.a.j.t.JMeterThread: Thread started: 线程组 1-410
2026-04-01 22:23:45,058 INFO o.a.j.t.JMeterThread: Thread started: 线程组 1-411
2026-04-01 22:23:45,178 INFO o.a.j.t.JMeterThread: Thread started: 线程组 1-412
2026-04-01 22:23:45,298 INFO o.a.j.t.JMeterThread: Thread started: 线程组 1-413
2026-04-01 22:23:45,418 INFO o.a.j.t.JMeterThread: Thread started: 线程组 1-414
2026-04-01 22:23:45,538 INFO o.a.j.t.JMeterThread: Thread started: 线程组 1-415
2026-04-01 22:23:45,658 INFO o.a.j.t.JMeterThread: Thread started: 线程组 1-416
2026-04-01 22:23:45,778 INFO o.a.j.t.JMeterThread: Thread started: 线程组 1-417
2026-04-01 22:23:45,898 INFO o.a.j.t.JMeterThread: Thread started: 线程组 1-418
2026-04-01 22:23:46,017 INFO o.a.j.t.JMeterThread: Thread started: 线程组 1-419
2026-04-01 22:23:46,137 INFO o.a.j.t.JMeterThread: Thread started: 线程组 1-420
2026-04-01 22:23:46,256 INFO o.a.j.t.JMeterThread: Thread started: 线程组 1-421
2026-04-01 22:23:46,377 INFO o.a.j.t.JMeterThread: Thread started: 线程组 1-422
2026-04-01 22:23:46,496 INFO o.a.j.t.JMeterThread: Thread started: 线程组 1-423
2026-04-01 22:23:46,617 INFO o.a.j.t.JMeterThread: Thread started: 线程组 1-424
2026-04-01 22:23:46,736 INFO o.a.j.t.JMeterThread: Thread started: 线程组 1-425
2026-04-01 22:23:46,856 INFO o.a.j.t.JMeterThread: Thread started: 线程组 1-426
2026-04-01 22:23:46,977 INFO o.a.j.t.JMeterThread: Thread started: 线程组 1-427
2026-04-01 22:23:47,097 INFO o.a.j.t.JMeterThread: Thread started: 线程组 1-428
2026-04-01 22:23:47,218 INFO o.a.j.t.JMeterThread: Thread started: 线程组 1-429
2026-04-01 22:23:47,338 INFO o.a.j.t.JMeterThread: Thread started: 线程组 1-430
2026-04-01 22:23:47,458 INFO o.a.j.t.JMeterThread: Thread started: 线程组 1-431
2026-04-01 22:23:47,577 INFO o.a.j.t.JMeterThread: Thread started: 线程组 1-432
2026-04-01 22:23:47,697 INFO o.a.j.t.JMeterThread: Thread started: 线程组 1-433
2026-04-01 22:23:47,818 INFO o.a.j.t.JMeterThread: Thread started: 线程组 1-434
2026-04-01 22:23:47,938 INFO o.a.j.t.JMeterThread: Thread started: 线程组 1-435
2026-04-01 22:23:48,058 INFO o.a.j.t.JMeterThread: Thread started: 线程组 1-436
2026-04-01 22:23:48,177 INFO o.a.j.t.JMeterThread: Thread started: 线程组 1-437
2026-04-01 22:23:48,298 INFO o.a.j.t.JMeterThread: Thread started: 线程组 1-438
2026-04-01 22:23:48,417 INFO o.a.j.t.JMeterThread: Thread started: 线程组 1-439
2026-04-01 22:23:48,537 INFO o.a.j.t.JMeterThread: Thread started: 线程组 1-440
2026-04-01 22:23:48,656 INFO o.a.j.t.JMeterThread: Thread started: 线程组 1-441
2026-04-01 22:23:48,777 INFO o.a.j.t.JMeterThread: Thread started: 线程组 1-442
2026-04-01 22:23:48,897 INFO o.a.j.t.JMeterThread: Thread started: 线程组 1-443
2026-04-01 22:23:49,018 INFO o.a.j.t.JMeterThread: Thread started: 线程组 1-444
2026-04-01 22:23:49,138 INFO o.a.j.t.JMeterThread: Thread started: 线程组 1-445
2026-04-01 22:23:49,257 INFO o.a.j.t.JMeterThread: Thread started: 线程组 1-446
2026-04-01 22:23:49,377 INFO o.a.j.t.JMeterThread: Thread started: 线程组 1-447
2026-04-01 22:23:49,497 INFO o.a.j.t.JMeterThread: Thread started: 线程组 1-448
2026-04-01 22:23:49,617 INFO o.a.j.t.JMeterThread: Thread started: 线程组 1-449
2026-04-01 22:23:49,736 INFO o.a.j.t.JMeterThread: Thread started: 线程组 1-450
2026-04-01 22:23:49,857 INFO o.a.j.t.JMeterThread: Thread started: 线程组 1-451
2026-04-01 22:23:49,977 INFO o.a.j.t.JMeterThread: Thread started: 线程组 1-452
2026-04-01 22:23:50,097 INFO o.a.j.t.JMeterThread: Thread started: 线程组 1-453
2026-04-01 22:23:50,216 INFO o.a.j.t.JMeterThread: Thread started: 线程组 1-454
2026-04-01 22:23:50,336 INFO o.a.j.t.JMeterThread: Thread started: 线程组 1-455
2026-04-01 22:23:50,457 INFO o.a.j.t.JMeterThread: Thread started: 线程组 1-456
2026-04-01 22:23:50,576 INFO o.a.j.t.JMeterThread: Thread started: 线程组 1-457
2026-04-01 22:23:50,697 INFO o.a.j.t.JMeterThread: Thread started: 线程组 1-458
2026-04-01 22:23:50,816 INFO o.a.j.t.JMeterThread: Thread started: 线程组 1-459
2026-04-01 22:23:50,937 INFO o.a.j.t.JMeterThread: Thread started: 线程组 1-460
2026-04-01 22:23:51,057 INFO o.a.j.t.JMeterThread: Thread started: 线程组 1-461
2026-04-01 22:23:51,178 INFO o.a.j.t.JMeterThread: Thread started: 线程组 1-462
2026-04-01 22:23:51,298 INFO o.a.j.t.JMeterThread: Thread started: 线程组 1-463
2026-04-01 22:23:51,417 INFO o.a.j.t.JMeterThread: Thread started: 线程组 1-464
2026-04-01 22:23:51,537 INFO o.a.j.t.JMeterThread: Thread started: 线程组 1-465
2026-04-01 22:23:51,658 INFO o.a.j.t.JMeterThread: Thread started: 线程组 1-466
2026-04-01 22:23:51,777 INFO o.a.j.t.JMeterThread: Thread started: 线程组 1-467
2026-04-01 22:23:51,898 INFO o.a.j.t.JMeterThread: Thread started: 线程组 1-468
2026-04-01 22:23:52,017 INFO o.a.j.t.JMeterThread: Thread started: 线程组 1-469
2026-04-01 22:23:52,137 INFO o.a.j.t.JMeterThread: Thread started: 线程组 1-470
2026-04-01 22:23:52,257 INFO o.a.j.t.JMeterThread: Thread started: 线程组 1-471
2026-04-01 22:23:52,378 INFO o.a.j.t.JMeterThread: Thread started: 线程组 1-472
2026-04-01 22:23:52,497 INFO o.a.j.t.JMeterThread: Thread started: 线程组 1-473
2026-04-01 22:23:52,617 INFO o.a.j.t.JMeterThread: Thread started: 线程组 1-474
2026-04-01 22:23:52,738 INFO o.a.j.t.JMeterThread: Thread started: 线程组 1-475
2026-04-01 22:23:52,857 INFO o.a.j.t.JMeterThread: Thread started: 线程组 1-476
2026-04-01 22:23:52,977 INFO o.a.j.t.JMeterThread: Thread started: 线程组 1-477
2026-04-01 22:23:53,098 INFO o.a.j.t.JMeterThread: Thread started: 线程组 1-478
2026-04-01 22:23:53,217 INFO o.a.j.t.JMeterThread: Thread started: 线程组 1-479
2026-04-01 22:23:53,337 INFO o.a.j.t.JMeterThread: Thread started: 线程组 1-480
2026-04-01 22:23:53,456 INFO o.a.j.t.JMeterThread: Thread started: 线程组 1-481
2026-04-01 22:23:53,577 INFO o.a.j.t.JMeterThread: Thread started: 线程组 1-482
2026-04-01 22:23:53,696 INFO o.a.j.t.JMeterThread: Thread started: 线程组 1-483
2026-04-01 22:23:53,817 INFO o.a.j.t.JMeterThread: Thread started: 线程组 1-484
2026-04-01 22:23:53,936 INFO o.a.j.t.JMeterThread: Thread started: 线程组 1-485
2026-04-01 22:23:54,056 INFO o.a.j.t.JMeterThread: Thread started: 线程组 1-486
2026-04-01 22:23:54,177 INFO o.a.j.t.JMeterThread: Thread started: 线程组 1-487
2026-04-01 22:23:54,296 INFO o.a.j.t.JMeterThread: Thread started: 线程组 1-488
2026-04-01 22:23:54,416 INFO o.a.j.t.JMeterThread: Thread started: 线程组 1-489
2026-04-01 22:23:54,536 INFO o.a.j.t.JMeterThread: Thread started: 线程组 1-490
2026-04-01 22:23:54,657 INFO o.a.j.t.JMeterThread: Thread started: 线程组 1-491
2026-04-01 22:23:54,777 INFO o.a.j.t.JMeterThread: Thread started: 线程组 1-492
2026-04-01 22:23:54,897 INFO o.a.j.t.JMeterThread: Thread started: 线程组 1-493
2026-04-01 22:23:55,017 INFO o.a.j.t.JMeterThread: Thread started: 线程组 1-494
2026-04-01 22:23:55,137 INFO o.a.j.t.JMeterThread: Thread started: 线程组 1-495
2026-04-01 22:23:55,258 INFO o.a.j.t.JMeterThread: Thread started: 线程组 1-496
2026-04-01 22:23:55,378 INFO o.a.j.t.JMeterThread: Thread started: 线程组 1-497
2026-04-01 22:23:55,498 INFO o.a.j.t.JMeterThread: Thread started: 线程组 1-498
2026-04-01 22:23:55,618 INFO o.a.j.t.JMeterThread: Thread started: 线程组 1-499
2026-04-01 22:23:55,737 INFO o.a.j.t.JMeterThread: Thread started: 线程组 1-500
2026-04-01 22:24:00,018 INFO o.a.j.r.Summariser: summary +    907 in 00:00:30 =   30.2/s Avg:    37 Min:    24 Max:  1062 Err:     0 (0.00%) Active: 500 Started: 500 Finished: 0
2026-04-01 22:24:00,019 INFO o.a.j.r.Summariser: summary =   1386 in 00:01:04 =   21.6/s Avg:    41 Min:    24 Max:  1073 Err:     0 (0.00%)
2026-04-01 22:24:30,020 INFO o.a.j.r.Summariser: summary +    999 in 00:00:30 =   33.3/s Avg:    27 Min:    24 Max:   272 Err:     0 (0.00%) Active: 500 Started: 500 Finished: 0
2026-04-01 22:24:30,020 INFO o.a.j.r.Summariser: summary =   2385 in 00:01:34 =   25.3/s Avg:    35 Min:    24 Max:  1073 Err:     0 (0.00%)
2026-04-01 22:25:00,008 INFO o.a.j.r.Summariser: summary +    997 in 00:00:30 =   33.2/s Avg:    27 Min:    24 Max:   283 Err:     0 (0.00%) Active: 500 Started: 500 Finished: 0
2026-04-01 22:25:00,008 INFO o.a.j.r.Summariser: summary =   3382 in 00:02:04 =   27.2/s Avg:    33 Min:    24 Max:  1073 Err:     0 (0.00%)
2026-04-01 22:25:30,020 INFO o.a.j.r.Summariser: summary +   1063 in 00:00:30 =   35.4/s Avg:    28 Min:    24 Max:   292 Err:     0 (0.00%) Active: 500 Started: 500 Finished: 0
2026-04-01 22:25:30,020 INFO o.a.j.r.Summariser: summary =   4445 in 00:02:34 =   28.8/s Avg:    32 Min:    24 Max:  1073 Err:     0 (0.00%)
2026-04-01 22:26:00,092 INFO o.a.j.r.Summariser: summary +   1189 in 00:00:30 =   39.5/s Avg:   151 Min:    24 Max: 20001 Err:    19 (1.60%) Active: 500 Started: 500 Finished: 0
2026-04-01 22:26:00,092 INFO o.a.j.r.Summariser: summary =   5634 in 00:03:04 =   30.6/s Avg:    57 Min:    24 Max: 20001 Err:    19 (0.34%)
2026-04-01 22:26:13,450 ERROR e.l.j.w.RequestResponseWebSocketSampler: Sampler 'WebSocket request-response Sampler': there is no connection to re-use
2026-04-01 22:26:13,581 ERROR e.l.j.w.RequestResponseWebSocketSampler: Sampler 'WebSocket request-response Sampler': there is no connection to re-use
2026-04-01 22:26:28,451 ERROR e.l.j.w.RequestResponseWebSocketSampler: Sampler 'WebSocket request-response Sampler': there is no connection to re-use
2026-04-01 22:26:28,582 ERROR e.l.j.w.RequestResponseWebSocketSampler: Sampler 'WebSocket request-response Sampler': there is no connection to re-use
2026-04-01 22:26:30,070 INFO o.a.j.r.Summariser: summary +   1439 in 00:00:30 =   48.0/s Avg:  2567 Min:     0 Max:  6003 Err:  1108 (77.00%) Active: 500 Started: 500 Finished: 0
2026-04-01 22:26:30,070 INFO o.a.j.r.Summariser: summary =   7073 in 00:03:34 =   33.0/s Avg:   568 Min:     0 Max: 20001 Err:  1127 (15.93%)
2026-04-01 22:26:43,452 ERROR e.l.j.w.RequestResponseWebSocketSampler: Sampler 'WebSocket request-response Sampler': there is no connection to re-use
2026-04-01 22:26:43,582 ERROR e.l.j.w.RequestResponseWebSocketSampler: Sampler 'WebSocket request-response Sampler': there is no connection to re-use
2026-04-01 22:26:58,453 ERROR e.l.j.w.RequestResponseWebSocketSampler: Sampler 'WebSocket request-response Sampler': there is no connection to re-use
2026-04-01 22:26:58,583 ERROR e.l.j.w.RequestResponseWebSocketSampler: Sampler 'WebSocket request-response Sampler': there is no connection to re-use
2026-04-01 22:27:00,025 INFO o.a.j.r.Summariser: summary +   1043 in 00:00:30 =   34.8/s Avg:    15 Min:     0 Max:   293 Err:   500 (47.94%) Active: 500 Started: 500 Finished: 0
2026-04-01 22:27:00,025 INFO o.a.j.r.Summariser: summary =   8116 in 00:04:04 =   33.2/s Avg:   497 Min:     0 Max: 20001 Err:  1627 (20.05%)
2026-04-01 22:27:13,453 ERROR e.l.j.w.RequestResponseWebSocketSampler: Sampler 'WebSocket request-response Sampler': there is no connection to re-use
2026-04-01 22:27:13,584 ERROR e.l.j.w.RequestResponseWebSocketSampler: Sampler 'WebSocket request-response Sampler': there is no connection to re-use
2026-04-01 22:27:28,454 ERROR e.l.j.w.RequestResponseWebSocketSampler: Sampler 'WebSocket request-response Sampler': there is no connection to re-use
2026-04-01 22:27:28,584 ERROR e.l.j.w.RequestResponseWebSocketSampler: Sampler 'WebSocket request-response Sampler': there is no connection to re-use
2026-04-01 22:27:30,076 INFO o.a.j.r.Summariser: summary +   1000 in 00:00:30 =   33.3/s Avg:    14 Min:     0 Max:   284 Err:   456 (45.60%) Active: 500 Started: 500 Finished: 0
2026-04-01 22:27:30,076 INFO o.a.j.r.Summariser: summary =   9116 in 00:04:34 =   33.2/s Avg:   444 Min:     0 Max: 20001 Err:  2083 (22.85%)
2026-04-01 22:27:43,454 ERROR e.l.j.w.RequestResponseWebSocketSampler: Sampler 'WebSocket request-response Sampler': there is no connection to re-use
2026-04-01 22:27:43,584 ERROR e.l.j.w.RequestResponseWebSocketSampler: Sampler 'WebSocket request-response Sampler': there is no connection to re-use
2026-04-01 22:27:58,456 ERROR e.l.j.w.RequestResponseWebSocketSampler: Sampler 'WebSocket request-response Sampler': there is no connection to re-use
2026-04-01 22:27:58,585 ERROR e.l.j.w.RequestResponseWebSocketSampler: Sampler 'WebSocket request-response Sampler': there is no connection to re-use
2026-04-01 22:28:00,036 INFO o.a.j.r.Summariser: summary +    999 in 00:00:30 =   33.3/s Avg:    17 Min:     0 Max:   286 Err:   456 (45.65%) Active: 500 Started: 500 Finished: 0
2026-04-01 22:28:00,036 INFO o.a.j.r.Summariser: summary =  10115 in 00:05:04 =   33.3/s Avg:   401 Min:     0 Max: 20001 Err:  2539 (25.10%)
2026-04-01 22:28:13,456 ERROR e.l.j.w.RequestResponseWebSocketSampler: Sampler 'WebSocket request-response Sampler': there is no connection to re-use
2026-04-01 22:28:13,586 ERROR e.l.j.w.RequestResponseWebSocketSampler: Sampler 'WebSocket request-response Sampler': there is no connection to re-use
2026-04-01 22:28:28,456 ERROR e.l.j.w.RequestResponseWebSocketSampler: Sampler 'WebSocket request-response Sampler': there is no connection to re-use
2026-04-01 22:28:28,456 WARN e.l.j.w.CloseWebSocketSampler: Sampler 'WebSocket Close': there is no connection; nothing to close.
2026-04-01 22:28:28,586 ERROR e.l.j.w.RequestResponseWebSocketSampler: Sampler 'WebSocket request-response Sampler': there is no connection to re-use
2026-04-01 22:28:28,586 WARN e.l.j.w.CloseWebSocketSampler: Sampler 'WebSocket Close': there is no connection; nothing to close.
2026-04-01 22:28:30,021 INFO o.a.j.r.Summariser: summary +   1455 in 00:00:30 =   48.5/s Avg:    23 Min:     0 Max:  1072 Err:   582 (40.00%) Active: 500 Started: 500 Finished: 0
2026-04-01 22:28:30,021 INFO o.a.j.r.Summariser: summary =  11570 in 00:05:34 =   34.6/s Avg:   354 Min:     0 Max: 20001 Err:  3121 (26.97%)
2026-04-01 22:29:03,340 INFO o.a.j.r.Summariser: summary +   1430 in 00:00:33 =   42.9/s Avg:    46 Min:    24 Max: 20001 Err:     1 (0.07%) Active: 500 Started: 500 Finished: 0
2026-04-01 22:29:03,340 INFO o.a.j.r.Summariser: summary =  13000 in 00:06:07 =   35.4/s Avg:   320 Min:     0 Max: 20001 Err:  3122 (24.02%)
2026-04-01 22:29:18,342 ERROR e.l.j.w.RequestResponseWebSocketSampler: Sampler 'WebSocket request-response Sampler': there is no connection to re-use
2026-04-01 22:29:30,004 INFO o.a.j.r.Summariser: summary +    915 in 00:00:27 =   34.3/s Avg:  3538 Min:     0 Max:  6003 Err:   849 (92.79%) Active: 500 Started: 500 Finished: 0
2026-04-01 22:29:30,004 INFO o.a.j.r.Summariser: summary =  13915 in 00:06:34 =   35.3/s Avg:   532 Min:     0 Max: 20001 Err:  3971 (28.54%)
2026-04-01 22:29:33,343 ERROR e.l.j.w.RequestResponseWebSocketSampler: Sampler 'WebSocket request-response Sampler': there is no connection to re-use
2026-04-01 22:29:48,343 ERROR e.l.j.w.RequestResponseWebSocketSampler: Sampler 'WebSocket request-response Sampler': there is no connection to re-use
2026-04-01 22:30:00,010 INFO o.a.j.r.Summariser: summary +   1000 in 00:00:30 =   33.3/s Avg:     1 Min:     0 Max:    41 Err:   935 (93.50%) Active: 500 Started: 500 Finished: 0
2026-04-01 22:30:00,010 INFO o.a.j.r.Summariser: summary =  14915 in 00:07:04 =   35.2/s Avg:   496 Min:     0 Max: 20001 Err:  4906 (32.89%)
2026-04-01 22:30:03,344 ERROR e.l.j.w.RequestResponseWebSocketSampler: Sampler 'WebSocket request-response Sampler': there is no connection to re-use
